1680531302799:l ru
1680531369285:help
1680537712462:findall
1680537715791:findAll
1680538132017:учше
1680538133655:exit
1680540468173:findAll
1680540483023:exit
1680552015128:findAll
1680552021158:findById 3
1680552026202:find 3
1680552030207:find Fedpr
1680552034234:help
1680552041275:update 3
1680552049323:update Fedor 21
1680552056356:update
1680552079490:update 3 Fedor Shirou 21
1680552089568:update Fedor 21
1680552095596:update 3 Fedor 21
1680552101628:findById 3
1680552116726:update 3 (Fedor Khitrov) 21
1680552129824:update 3 Fedor_khitrov 21
1680552136861:findById 3
1680552142899:close
1680552145918:exit
